<?xml version="1.0" encoding="UTF-8" ?>
<testsuite 
errors="0" failures="0" hostname="hsm" name="org.apache.mahout.math.scalabindings.VectorOpsSuite" tests="5" time="0.143" timestamp="2015-12-22T16:02:21">
  <properties>
    <property name="java.runtime.name" value="Java(TM) SE Runtime Environment">
    </property>
    <property 
    name="sun.boot.library.path" value="/usr/lib/jvm/java-8-oracle/jre/lib/amd64">
</property>
    <property name="java.vm.version" value="25.66-b17"> </property>
    <property name="java.vm.vendor" value="Oracle Corporation"> </property>
    <property name="java.vendor.url" value="http://java.oracle.com/">
    </property>
    <property name="path.separator" value=":"> </property>
    <property name="java.vm.name" value="Java HotSpot(TM) 64-Bit Server VM">
    </property>
    <property name="file.encoding.pkg" value="sun.io"> </property>
    <property name="user.country" value="US"> </property>
    <property name="sun.java.launcher" value="SUN_STANDARD"> </property>
    <property name="sun.os.patch.level" value="unknown"> </property>
    <property 
    name="java.vm.specification.name" value="Java Virtual Machine Specification">
</property>
    <property 
    name="user.dir" value="/home/mahesha/News/mahout/mahout-0.11.1/math-scala">
</property>
    <property name="java.runtime.version" value="1.8.0_66-b17"> </property>
    <property 
    name="java.awt.graphicsenv" value="sun.awt.X11GraphicsEnvironment">
</property>
    <property 
    name="basedir" value="/home/mahesha/News/mahout/mahout-0.11.1/math-scala">
</property>
    <property 
    name="java.endorsed.dirs" value="/usr/lib/jvm/java-8-oracle/jre/lib/endorsed">
</property>
    <property name="os.arch" value="amd64"> </property>
    <property name="java.io.tmpdir" value="/tmp"> </property>
    <property name="line.separator" value=" "> </property>
    <property name="java.vm.specification.vendor" value="Oracle Corporation">
    </property>
    <property name="os.name" value="Linux"> </property>
    <property name="sun.jnu.encoding" value="UTF-8"> </property>
    <property 
    name="java.library.path" value="/usr/java/packages/lib/amd64:/usr/lib64:/lib64:/lib:/usr/lib">
</property>
    <property 
    name="java.specification.name" value="Java Platform API Specification">
</property>
    <property name="java.class.version" value="52.0"> </property>
    <property 
    name="sun.management.compiler" value="HotSpot 64-Bit Tiered Compilers">
</property>
    <property name="os.version" value="3.16.0-57-generic"> </property>
    <property name="user.home" value="/home/mahesha"> </property>
    <property name="user.timezone" value=""> </property>
    <property name="java.awt.printerjob" value="sun.print.PSPrinterJob">
    </property>
    <property name="file.encoding" value="UTF-8"> </property>
    <property name="java.specification.version" value="1.8"> </property>
    <property name="user.name" value="mahesha"> </property>
    <property 
    name="java.class.path" value="/home/mahesha/News/mahout/mahout-0.11.1/math-scala/target/test-classes:/home/mahesha/News/mahout/mahout-0.11.1/math-scala/target/classes:/home/mahesha/News/mahout/mahout-0.11.1/math/target/mahout-math-0.11.1.jar:/home/mahesha/.m2/repository/org/apache/commons/commons-math3/3.2/commons-math3-3.2.jar:/home/mahesha/.m2/repository/com/google/guava/guava/14.0.1/guava-14.0.1.jar:/home/mahesha/.m2/repository/org/slf4j/slf4j-api/1.7.12/slf4j-api-1.7.12.jar:/home/mahesha/.m2/repository/com/tdunning/t-digest/3.1/t-digest-3.1.jar:/home/mahesha/.m2/repository/log4j/log4j/1.2.17/log4j-1.2.17.jar:/home/mahesha/.m2/repository/com/github/scopt/scopt_2.10/3.3.0/scopt_2.10-3.3.0.jar:/home/mahesha/.m2/repository/org/scala-lang/scala-library/2.10.4/scala-library-2.10.4.jar:/home/mahesha/.m2/repository/org/scalatest/scalatest_2.10/2.2.4/scalatest_2.10-2.2.4.jar:/home/mahesha/.m2/repository/org/scala-lang/scala-reflect/2.10.4/scala-reflect-2.10.4.jar">
</property>
    <property name="java.vm.specification.version" value="1.8"> </property>
    <property name="sun.arch.data.model" value="64"> </property>
    <property name="java.home" value="/usr/lib/jvm/java-8-oracle/jre">
    </property>
    <property 
    name="sun.java.command" value="org.scalatest.tools.Runner -R /home/mahesha/News/mahout/mahout-0.11.1/math-scala/target/classes /home/mahesha/News/mahout/mahout-0.11.1/math-scala/target/test-classes -o -fWDF /home/mahesha/News/mahout/mahout-0.11.1/math-scala/target/scalatest-reports/TestSuite.txt -u /home/mahesha/News/mahout/mahout-0.11.1/math-scala/target/scalatest-reports/.">
</property>
    <property name="java.specification.vendor" value="Oracle Corporation">
    </property>
    <property name="user.language" value="en"> </property>
    <property name="awt.toolkit" value="sun.awt.X11.XToolkit"> </property>
    <property name="java.vm.info" value="mixed mode"> </property>
    <property name="java.version" value="1.8.0_66"> </property>
    <property 
    name="java.ext.dirs" value="/usr/lib/jvm/java-8-oracle/jre/lib/ext:/usr/java/packages/lib/ext">
</property>
    <property 
    name="sun.boot.class.path" value="/usr/lib/jvm/java-8-oracle/jre/lib/resources.jar:/usr/lib/jvm/java-8-oracle/jre/lib/rt.jar:/usr/lib/jvm/java-8-oracle/jre/lib/sunrsasign.jar:/usr/lib/jvm/java-8-oracle/jre/lib/jsse.jar:/usr/lib/jvm/java-8-oracle/jre/lib/jce.jar:/usr/lib/jvm/java-8-oracle/jre/lib/charsets.jar:/usr/lib/jvm/java-8-oracle/jre/lib/jfr.jar:/usr/lib/jvm/java-8-oracle/jre/classes">
</property>
    <property name="java.vendor" value="Oracle Corporation"> </property>
    <property name="file.separator" value="/"> </property>
    <property 
    name="java.vendor.url.bug" value="http://bugreport.sun.com/bugreport/">
</property>
    <property name="sun.cpu.endian" value="little"> </property>
    <property name="sun.io.unicode.encoding" value="UnicodeLittle"> </property>
    <property name="sun.desktop" value="gnome"> </property>
    <property name="sun.cpu.isalist" value=""> </property>
  </properties>
  <testcase 
  name="inline create" classname="org.apache.mahout.math.scalabindings.VectorOpsSuite" time="0.028">
</testcase>
  <testcase 
  name="plus minus" classname="org.apache.mahout.math.scalabindings.VectorOpsSuite" time="0.06">
</testcase>
  <testcase 
  name="dot" classname="org.apache.mahout.math.scalabindings.VectorOpsSuite" time="0.0">
</testcase>
  <testcase 
  name="scalarOps" classname="org.apache.mahout.math.scalabindings.VectorOpsSuite" time="0.005">
</testcase>
  <testcase 
  name="sparse assignment" classname="org.apache.mahout.math.scalabindings.VectorOpsSuite" time="0.006">
</testcase>
  <system-out><![CDATA[]]></system-out>
  <system-err><![CDATA[]]></system-err>
</testsuite>
