<?xml version="1.0" encoding="UTF-8"?>
<testsuite name="org.apache.mahout.math.TestSequentialAccessSparseVector" time="4.762" tests="44" errors="0" skipped="0" failures="0">
  <properties>
    <property name="java.runtime.name" value="Java(TM) SE Runtime Environment"/>
    <property name="sun.boot.library.path" value="/usr/lib/jvm/java-8-oracle/jre/lib/amd64"/>
    <property name="java.vm.version" value="25.66-b17"/>
    <property name="java.vm.vendor" value="Oracle Corporation"/>
    <property name="maven.multiModuleProjectDirectory" value="/home/mahesha/News/mahout/mahout-0.11.1"/>
    <property name="java.vendor.url" value="http://java.oracle.com/"/>
    <property name="path.separator" value=":"/>
    <property name="guice.disable.misplaced.annotation.check" value="true"/>
    <property name="java.vm.name" value="Java HotSpot(TM) 64-Bit Server VM"/>
    <property name="file.encoding.pkg" value="sun.io"/>
    <property name="user.country" value="US"/>
    <property name="sun.java.launcher" value="SUN_STANDARD"/>
    <property name="sun.os.patch.level" value="unknown"/>
    <property name="java.vm.specification.name" value="Java Virtual Machine Specification"/>
    <property name="user.dir" value="/home/mahesha/News/mahout/mahout-0.11.1"/>
    <property name="java.runtime.version" value="1.8.0_66-b17"/>
    <property name="java.awt.graphicsenv" value="sun.awt.X11GraphicsEnvironment"/>
    <property name="java.endorsed.dirs" value="/usr/lib/jvm/java-8-oracle/jre/lib/endorsed"/>
    <property name="os.arch" value="amd64"/>
    <property name="java.io.tmpdir" value="/tmp"/>
    <property name="line.separator" value="&#10;"/>
    <property name="java.vm.specification.vendor" value="Oracle Corporation"/>
    <property name="os.name" value="Linux"/>
    <property name="classworlds.conf" value="/usr/local/maven/bin/m2.conf"/>
    <property name="sun.jnu.encoding" value="UTF-8"/>
    <property name="java.library.path" value="/usr/java/packages/lib/amd64:/usr/lib64:/lib64:/lib:/usr/lib"/>
    <property name="hadoop.version" value="2.6.0"/>
    <property name="java.specification.name" value="Java Platform API Specification"/>
    <property name="java.class.version" value="52.0"/>
    <property name="sun.management.compiler" value="HotSpot 64-Bit Tiered Compilers"/>
    <property name="os.version" value="3.16.0-57-generic"/>
    <property name="user.home" value="/home/mahesha"/>
    <property name="user.timezone" value="Asia/Kolkata"/>
    <property name="java.awt.printerjob" value="sun.print.PSPrinterJob"/>
    <property name="java.specification.version" value="1.8"/>
    <property name="file.encoding" value="UTF-8"/>
    <property name="user.name" value="mahesha"/>
    <property name="java.class.path" value="/usr/local/maven/boot/plexus-classworlds-2.5.2.jar"/>
    <property name="java.vm.specification.version" value="1.8"/>
    <property name="sun.arch.data.model" value="64"/>
    <property name="java.home" value="/usr/lib/jvm/java-8-oracle/jre"/>
    <property name="sun.java.command" value="org.codehaus.plexus.classworlds.launcher.Launcher -Phadoop2 -Dhadoop.version=2.6.0 clean package"/>
    <property name="java.specification.vendor" value="Oracle Corporation"/>
    <property name="user.language" value="en"/>
    <property name="awt.toolkit" value="sun.awt.X11.XToolkit"/>
    <property name="java.vm.info" value="mixed mode"/>
    <property name="java.version" value="1.8.0_66"/>
    <property name="java.ext.dirs" value="/usr/lib/jvm/java-8-oracle/jre/lib/ext:/usr/java/packages/lib/ext"/>
    <property name="securerandom.source" value="file:/dev/./urandom"/>
    <property name="sun.boot.class.path" value="/usr/lib/jvm/java-8-oracle/jre/lib/resources.jar:/usr/lib/jvm/java-8-oracle/jre/lib/rt.jar:/usr/lib/jvm/java-8-oracle/jre/lib/sunrsasign.jar:/usr/lib/jvm/java-8-oracle/jre/lib/jsse.jar:/usr/lib/jvm/java-8-oracle/jre/lib/jce.jar:/usr/lib/jvm/java-8-oracle/jre/lib/charsets.jar:/usr/lib/jvm/java-8-oracle/jre/lib/jfr.jar:/usr/lib/jvm/java-8-oracle/jre/classes"/>
    <property name="java.vendor" value="Oracle Corporation"/>
    <property name="maven.home" value="/usr/local/maven"/>
    <property name="file.separator" value="/"/>
    <property name="java.vendor.url.bug" value="http://bugreport.sun.com/bugreport/"/>
    <property name="sun.cpu.endian" value="little"/>
    <property name="sun.io.unicode.encoding" value="UnicodeLittle"/>
    <property name="sun.desktop" value="gnome"/>
    <property name="sun.cpu.isalist" value=""/>
  </properties>
  <testcase name="testViewPartCardinality" classname="org.apache.mahout.math.TestSequentialAccessSparseVector" time="0.021"/>
  <testcase name="testViewPart" classname="org.apache.mahout.math.TestSequentialAccessSparseVector" time="0.007"/>
  <testcase name="testAssignBinaryFunction2" classname="org.apache.mahout.math.TestSequentialAccessSparseVector" time="0.023"/>
  <testcase name="testCopy" classname="org.apache.mahout.math.TestSequentialAccessSparseVector" time="0.013"/>
  <testcase name="testGetDistanceSquared" classname="org.apache.mahout.math.TestSequentialAccessSparseVector" time="0.039"/>
  <testcase name="testLike" classname="org.apache.mahout.math.TestSequentialAccessSparseVector" time="0.006"/>
  <testcase name="testPlusVectorCardinality" classname="org.apache.mahout.math.TestSequentialAccessSparseVector" time="0.006"/>
  <testcase name="testAssignBinaryFunction" classname="org.apache.mahout.math.TestSequentialAccessSparseVector" time="0.004"/>
  <testcase name="testAssignUnaryFunction" classname="org.apache.mahout.math.TestSequentialAccessSparseVector" time="0.002"/>
  <testcase name="testGetOver" classname="org.apache.mahout.math.TestSequentialAccessSparseVector" time="0.003"/>
  <testcase name="testSet" classname="org.apache.mahout.math.TestSequentialAccessSparseVector" time="0.002"/>
  <testcase name="testAssignVector" classname="org.apache.mahout.math.TestSequentialAccessSparseVector" time="0.018"/>
  <testcase name="testIterators" classname="org.apache.mahout.math.TestSequentialAccessSparseVector" time="0.104"/>
  <testcase name="testTimesVectorCardinality" classname="org.apache.mahout.math.TestSequentialAccessSparseVector" time="0.008"/>
  <testcase name="testViewPartOver" classname="org.apache.mahout.math.TestSequentialAccessSparseVector" time="0.002"/>
  <testcase name="testAssignBinaryFunction3" classname="org.apache.mahout.math.TestSequentialAccessSparseVector" time="0.005"/>
  <testcase name="testDotCardinality" classname="org.apache.mahout.math.TestSequentialAccessSparseVector" time="0.002"/>
  <testcase name="testDotSuperBig" classname="org.apache.mahout.math.TestSequentialAccessSparseVector" time="0.002"/>
  <testcase name="testViewPartUnder" classname="org.apache.mahout.math.TestSequentialAccessSparseVector" time="0.002"/>
  <testcase name="testPlusVector" classname="org.apache.mahout.math.TestSequentialAccessSparseVector" time="0.002"/>
  <testcase name="testNormalize" classname="org.apache.mahout.math.TestSequentialAccessSparseVector" time="0.003"/>
  <testcase name="testAssignVectorCardinality" classname="org.apache.mahout.math.TestSequentialAccessSparseVector" time="0.003"/>
  <testcase name="testPlusDouble" classname="org.apache.mahout.math.TestSequentialAccessSparseVector" time="0.003"/>
  <testcase name="testDot" classname="org.apache.mahout.math.TestSequentialAccessSparseVector" time="0.015"/>
  <testcase name="testAssignDouble" classname="org.apache.mahout.math.TestSequentialAccessSparseVector" time="0.004"/>
  <testcase name="testTimesDouble" classname="org.apache.mahout.math.TestSequentialAccessSparseVector" time="0.011"/>
  <testcase name="testCardinality" classname="org.apache.mahout.math.TestSequentialAccessSparseVector" time="0.004"/>
  <testcase name="testGetUnder" classname="org.apache.mahout.math.TestSequentialAccessSparseVector" time="0.003"/>
  <testcase name="testDivideDouble" classname="org.apache.mahout.math.TestSequentialAccessSparseVector" time="0.018"/>
  <testcase name="testDot2" classname="org.apache.mahout.math.TestSequentialAccessSparseVector" time="0.002"/>
  <testcase name="testSmallDistances" classname="org.apache.mahout.math.TestSequentialAccessSparseVector" time="4.172"/>
  <testcase name="testTimesVector" classname="org.apache.mahout.math.TestSequentialAccessSparseVector" time="0.022"/>
  <testcase name="testSimpleOps" classname="org.apache.mahout.math.TestSequentialAccessSparseVector" time="0.027"/>
  <testcase name="testToString" classname="org.apache.mahout.math.TestSequentialAccessSparseVector" time="0.018"/>
  <testcase name="testAssignDoubleArrayCardinality" classname="org.apache.mahout.math.TestSequentialAccessSparseVector" time="0.018"/>
  <testcase name="testAssignDoubleArray" classname="org.apache.mahout.math.TestSequentialAccessSparseVector" time="0.019"/>
  <testcase name="testIterator" classname="org.apache.mahout.math.TestSequentialAccessSparseVector" time="0.022"/>
  <testcase name="testSparseDoubleVectorInt" classname="org.apache.mahout.math.TestSequentialAccessSparseVector" time="0.018"/>
  <testcase name="testSize" classname="org.apache.mahout.math.TestSequentialAccessSparseVector" time="0.018"/>
  <testcase name="testIteratorSet" classname="org.apache.mahout.math.TestSequentialAccessSparseVector" time="0.018"/>
  <testcase name="testMinus" classname="org.apache.mahout.math.TestSequentialAccessSparseVector" time="0.018"/>
  <testcase name="testGet" classname="org.apache.mahout.math.TestSequentialAccessSparseVector" time="0.017"/>
  <testcase name="testCrossProduct" classname="org.apache.mahout.math.TestSequentialAccessSparseVector" time="0.02"/>
  <testcase name="testZSum" classname="org.apache.mahout.math.TestSequentialAccessSparseVector" time="0.018"/>
</testsuite>