<?xml version="1.0" encoding="UTF-8"?>
<testsuite name="org.apache.mahout.math.TestSparseMatrix" time="0.493" tests="61" errors="0" skipped="0" failures="0">
  <properties>
    <property name="java.runtime.name" value="Java(TM) SE Runtime Environment"/>
    <property name="sun.boot.library.path" value="/usr/lib/jvm/java-8-oracle/jre/lib/amd64"/>
    <property name="java.vm.version" value="25.66-b17"/>
    <property name="java.vm.vendor" value="Oracle Corporation"/>
    <property name="maven.multiModuleProjectDirectory" value="/home/mahesha/News/mahout/mahout-0.11.1"/>
    <property name="java.vendor.url" value="http://java.oracle.com/"/>
    <property name="path.separator" value=":"/>
    <property name="guice.disable.misplaced.annotation.check" value="true"/>
    <property name="java.vm.name" value="Java HotSpot(TM) 64-Bit Server VM"/>
    <property name="file.encoding.pkg" value="sun.io"/>
    <property name="user.country" value="US"/>
    <property name="sun.java.launcher" value="SUN_STANDARD"/>
    <property name="sun.os.patch.level" value="unknown"/>
    <property name="java.vm.specification.name" value="Java Virtual Machine Specification"/>
    <property name="user.dir" value="/home/mahesha/News/mahout/mahout-0.11.1"/>
    <property name="java.runtime.version" value="1.8.0_66-b17"/>
    <property name="java.awt.graphicsenv" value="sun.awt.X11GraphicsEnvironment"/>
    <property name="java.endorsed.dirs" value="/usr/lib/jvm/java-8-oracle/jre/lib/endorsed"/>
    <property name="os.arch" value="amd64"/>
    <property name="java.io.tmpdir" value="/tmp"/>
    <property name="line.separator" value="&#10;"/>
    <property name="java.vm.specification.vendor" value="Oracle Corporation"/>
    <property name="os.name" value="Linux"/>
    <property name="classworlds.conf" value="/usr/local/maven/bin/m2.conf"/>
    <property name="sun.jnu.encoding" value="UTF-8"/>
    <property name="java.library.path" value="/usr/java/packages/lib/amd64:/usr/lib64:/lib64:/lib:/usr/lib"/>
    <property name="hadoop.version" value="2.6.0"/>
    <property name="java.specification.name" value="Java Platform API Specification"/>
    <property name="java.class.version" value="52.0"/>
    <property name="sun.management.compiler" value="HotSpot 64-Bit Tiered Compilers"/>
    <property name="os.version" value="3.16.0-57-generic"/>
    <property name="user.home" value="/home/mahesha"/>
    <property name="user.timezone" value="Asia/Kolkata"/>
    <property name="java.awt.printerjob" value="sun.print.PSPrinterJob"/>
    <property name="java.specification.version" value="1.8"/>
    <property name="file.encoding" value="UTF-8"/>
    <property name="user.name" value="mahesha"/>
    <property name="java.class.path" value="/usr/local/maven/boot/plexus-classworlds-2.5.2.jar"/>
    <property name="java.vm.specification.version" value="1.8"/>
    <property name="sun.arch.data.model" value="64"/>
    <property name="java.home" value="/usr/lib/jvm/java-8-oracle/jre"/>
    <property name="sun.java.command" value="org.codehaus.plexus.classworlds.launcher.Launcher -Phadoop2 -Dhadoop.version=2.6.0 clean package"/>
    <property name="java.specification.vendor" value="Oracle Corporation"/>
    <property name="user.language" value="en"/>
    <property name="awt.toolkit" value="sun.awt.X11.XToolkit"/>
    <property name="java.vm.info" value="mixed mode"/>
    <property name="java.version" value="1.8.0_66"/>
    <property name="java.ext.dirs" value="/usr/lib/jvm/java-8-oracle/jre/lib/ext:/usr/java/packages/lib/ext"/>
    <property name="securerandom.source" value="file:/dev/./urandom"/>
    <property name="sun.boot.class.path" value="/usr/lib/jvm/java-8-oracle/jre/lib/resources.jar:/usr/lib/jvm/java-8-oracle/jre/lib/rt.jar:/usr/lib/jvm/java-8-oracle/jre/lib/sunrsasign.jar:/usr/lib/jvm/java-8-oracle/jre/lib/jsse.jar:/usr/lib/jvm/java-8-oracle/jre/lib/jce.jar:/usr/lib/jvm/java-8-oracle/jre/lib/charsets.jar:/usr/lib/jvm/java-8-oracle/jre/lib/jfr.jar:/usr/lib/jvm/java-8-oracle/jre/classes"/>
    <property name="java.vendor" value="Oracle Corporation"/>
    <property name="maven.home" value="/usr/local/maven"/>
    <property name="file.separator" value="/"/>
    <property name="java.vendor.url.bug" value="http://bugreport.sun.com/bugreport/"/>
    <property name="sun.cpu.endian" value="little"/>
    <property name="sun.io.unicode.encoding" value="UnicodeLittle"/>
    <property name="sun.desktop" value="gnome"/>
    <property name="sun.cpu.isalist" value=""/>
  </properties>
  <testcase name="testCopy" classname="org.apache.mahout.math.TestSparseMatrix" time="0.029"/>
  <testcase name="testViewPartCardinality" classname="org.apache.mahout.math.TestSparseMatrix" time="0.013"/>
  <testcase name="testAssignDouble" classname="org.apache.mahout.math.TestSparseMatrix" time="0.003"/>
  <testcase name="testSetQuick" classname="org.apache.mahout.math.TestSparseMatrix" time="0.003"/>
  <testcase name="testLike" classname="org.apache.mahout.math.TestSparseMatrix" time="0.004"/>
  <testcase name="testPlusDouble" classname="org.apache.mahout.math.TestSparseMatrix" time="0.007"/>
  <testcase name="testCardinality" classname="org.apache.mahout.math.TestSparseMatrix" time="0.006"/>
  <testcase name="testSettingLabelBindings" classname="org.apache.mahout.math.TestSparseMatrix" time="0.019"/>
  <testcase name="testGetIndexUnder" classname="org.apache.mahout.math.TestSparseMatrix" time="0.004"/>
  <testcase name="testTimesSquaredTimesVector" classname="org.apache.mahout.math.TestSparseMatrix" time="0.124"/>
  <testcase name="testSetUnder" classname="org.apache.mahout.math.TestSparseMatrix" time="0.003"/>
  <testcase name="testLabelBindings" classname="org.apache.mahout.math.TestSparseMatrix" time="0.002"/>
  <testcase name="testViewColumnIndexOver" classname="org.apache.mahout.math.TestSparseMatrix" time="0.005"/>
  <testcase name="testTimesMatrix" classname="org.apache.mahout.math.TestSparseMatrix" time="0.014"/>
  <testcase name="testPlusMatrixCardinality" classname="org.apache.mahout.math.TestSparseMatrix" time="0.002"/>
  <testcase name="testGetIndexOver" classname="org.apache.mahout.math.TestSparseMatrix" time="0.007"/>
  <testcase name="testRowView" classname="org.apache.mahout.math.TestSparseMatrix" time="0.049"/>
  <testcase name="testIterate" classname="org.apache.mahout.math.TestSparseMatrix" time="0.013"/>
  <testcase name="testTimesVector" classname="org.apache.mahout.math.TestSparseMatrix" time="0.012"/>
  <testcase name="testGetQuick" classname="org.apache.mahout.math.TestSparseMatrix" time="0.004"/>
  <testcase name="testLabelBindingSerialization" classname="org.apache.mahout.math.TestSparseMatrix" time="0.005"/>
  <testcase name="testAggregate" classname="org.apache.mahout.math.TestSparseMatrix" time="0.006"/>
  <testcase name="testAggregateRows" classname="org.apache.mahout.math.TestSparseMatrix" time="0.009"/>
  <testcase name="testAssignDoubleArrayArrayCardinality" classname="org.apache.mahout.math.TestSparseMatrix" time="0.004"/>
  <testcase name="testViewPart" classname="org.apache.mahout.math.TestSparseMatrix" time="0.006"/>
  <testcase name="testPlusMatrix" classname="org.apache.mahout.math.TestSparseMatrix" time="0.004"/>
  <testcase name="testAssignMatrixBinaryFunctionCardinality" classname="org.apache.mahout.math.TestSparseMatrix" time="0.004"/>
  <testcase name="testSize" classname="org.apache.mahout.math.TestSparseMatrix" time="0.004"/>
  <testcase name="testViewRowIndexOver" classname="org.apache.mahout.math.TestSparseMatrix" time="0.002"/>
  <testcase name="testAssignMatrixCardinality" classname="org.apache.mahout.math.TestSparseMatrix" time="0.006"/>
  <testcase name="testViewPartIndexOver" classname="org.apache.mahout.math.TestSparseMatrix" time="0.004"/>
  <testcase name="testMatrixViewBug" classname="org.apache.mahout.math.TestSparseMatrix" time="0.004"/>
  <testcase name="testLikeIntInt" classname="org.apache.mahout.math.TestSparseMatrix" time="0.003"/>
  <testcase name="testZSum" classname="org.apache.mahout.math.TestSparseMatrix" time="0.003"/>
  <testcase name="testMinus" classname="org.apache.mahout.math.TestSparseMatrix" time="0.003"/>
  <testcase name="testViewColumn" classname="org.apache.mahout.math.TestSparseMatrix" time="0.002"/>
  <testcase name="testGet" classname="org.apache.mahout.math.TestSparseMatrix" time="0.003"/>
  <testcase name="testAssignColumn" classname="org.apache.mahout.math.TestSparseMatrix" time="0.002"/>
  <testcase name="testDeterminant" classname="org.apache.mahout.math.TestSparseMatrix" time="0.003"/>
  <testcase name="testDivide" classname="org.apache.mahout.math.TestSparseMatrix" time="0.003"/>
  <testcase name="testAssignMatrix" classname="org.apache.mahout.math.TestSparseMatrix" time="0.009"/>
  <testcase name="testAssignDoubleArrayArray" classname="org.apache.mahout.math.TestSparseMatrix" time="0.003"/>
  <testcase name="testViewPartIndexUnder" classname="org.apache.mahout.math.TestSparseMatrix" time="0.003"/>
  <testcase name="testViewRowIndexUnder" classname="org.apache.mahout.math.TestSparseMatrix" time="0.003"/>
  <testcase name="testSetOver" classname="org.apache.mahout.math.TestSparseMatrix" time="0.003"/>
  <testcase name="add" classname="org.apache.mahout.math.TestSparseMatrix" time="0.013"/>
  <testcase name="testAssignUnaryFunction" classname="org.apache.mahout.math.TestSparseMatrix" time="0.003"/>
  <testcase name="testAssignRowCardinality" classname="org.apache.mahout.math.TestSparseMatrix" time="0.008"/>
  <testcase name="testAssignRow" classname="org.apache.mahout.math.TestSparseMatrix" time="0.002"/>
  <testcase name="testSparseCopy" classname="org.apache.mahout.math.TestSparseMatrix" time="0.004"/>
  <testcase name="testTranspose" classname="org.apache.mahout.math.TestSparseMatrix" time="0.006"/>
  <testcase name="testAssignColumnCardinality" classname="org.apache.mahout.math.TestSparseMatrix" time="0.002"/>
  <testcase name="testClone" classname="org.apache.mahout.math.TestSparseMatrix" time="0.002"/>
  <testcase name="testMinusCardinality" classname="org.apache.mahout.math.TestSparseMatrix" time="0.002"/>
  <testcase name="testColumnView" classname="org.apache.mahout.math.TestSparseMatrix" time="0.003"/>
  <testcase name="testTimesDouble" classname="org.apache.mahout.math.TestSparseMatrix" time="0.004"/>
  <testcase name="testAssignMatrixBinaryFunction" classname="org.apache.mahout.math.TestSparseMatrix" time="0.004"/>
  <testcase name="testViewRow" classname="org.apache.mahout.math.TestSparseMatrix" time="0.002"/>
  <testcase name="testTimesMatrixCardinality" classname="org.apache.mahout.math.TestSparseMatrix" time="0.006"/>
  <testcase name="testAggregateCols" classname="org.apache.mahout.math.TestSparseMatrix" time="0.006"/>
  <testcase name="testViewColumnIndexUnder" classname="org.apache.mahout.math.TestSparseMatrix" time="0.002"/>
</testsuite>